---------- Date: 2017-10-18 10:15:11 ~ IP : ::1 ----------
REQUEST URI : /opencart/buildplus/
MOD DETAILS:
   modFile   : C:\xampp\htdocs\opencart\buildplus\vqmod/xml/xpayment.xml
   id        : 
   version   : 2.0
   vqmver    : 
   author    : OpenCartMart
VQModObject::parseMods - Could not resolve path for [catalog/controller/journal2/checkout.php] (SKIPPED)
VQModObject::parseMods - Could not resolve path for [catalog/model/journal2/checkout.php] (SKIPPED)
VQModObject::parseMods - Could not resolve path for [catalog/controller/checkout/simplecheckout_payment.php] (SKIPPED)
VQModObject::parseMods - Could not resolve path for [catalog/controller/checkout/simplecheckout.php] (SKIPPED)
VQModObject::parseMods - Could not resolve path for [catalog/controller/module/quickcheckout.php] (SKIPPED)
VQModObject::parseMods - Could not resolve path for [catalog/model/d_quickcheckout/method.php] (SKIPPED)
VQModObject::parseMods - Could not resolve path for [catalog/controller/d_quickcheckout/payment.php] (SKIPPED)
----------------------------------------------------------------------


---------- Date: 2017-10-18 10:20:39 ~ IP : ::1 ----------
REQUEST URI : /opencart/buildplus/admin/index.php?route=common/dashboard&token=a9adadc5456c6c121bf882f2ced31f7d
MOD DETAILS:
   modFile   : C:\xampp\htdocs\opencart\buildplus\vqmod/xml/cc_and_bcc_emails.xml
   id        : CC and BCC Emails
   version   : 2.0.0.1
   vqmver    : 2.1.5
   author    : Soteri Panagou (panagos@gmail.com)

File Name    : admin/model/sale/order.php(0)
VQModObject::applyMod - SEARCH NOT FOUND (SKIPPED): $mail->send();

----------------------------------------------------------------------


