2017-10-20 14:59:27 - PHP Notice:  Undefined variable: products in C:\xampp\htdocs\opencart\buildplus\vqmod\vqcache\vq2-catalog_view_theme_default_template_common_header.tpl on line 153
2017-10-20 15:01:11 - PHP Notice:  Undefined variable: products_title in C:\xampp\htdocs\opencart\buildplus\vqmod\vqcache\vq2-catalog_view_theme_default_template_common_header.tpl on line 154
2017-10-23 10:36:42 - PHP Notice:  Undefined variable: content_left in C:\xampp\htdocs\opencart\buildplus\catalog\view\theme\default\template\information\information.tpl on line 38
2017-10-23 13:06:57 - PHP Notice:  Undefined variable: location in C:\xampp\htdocs\opencart\buildplus\catalog\view\theme\default\template\information\contact.tpl on line 24
2017-10-23 13:08:01 - PHP Notice:  Undefined variable: location in C:\xampp\htdocs\opencart\buildplus\catalog\view\theme\default\template\information\contact.tpl on line 24
2017-10-23 14:46:51 - PHP Notice:  Undefined variable: button_reset in C:\xampp\htdocs\opencart\buildplus\catalog\view\theme\default\template\information\contact.tpl on line 120
2017-10-23 16:40:28 - PHP Notice:  Undefined variable: route in C:\xampp\htdocs\opencart\buildplus\vqmod\vqcache\vq2-catalog_view_theme_default_template_common_footer.tpl on line 4
2017-10-24 10:13:30 - PHP Notice:  Array to string conversion in C:\xampp\htdocs\opencart\buildplus\catalog\view\theme\default\template\product\category.tpl on line 26
2017-10-24 10:20:47 - PHP Notice:  Undefined variable: images in C:\xampp\htdocs\opencart\buildplus\catalog\view\theme\default\template\product\category.tpl on line 34
2017-10-24 10:20:59 - PHP Notice:  Undefined variable: images in C:\xampp\htdocs\opencart\buildplus\catalog\view\theme\default\template\product\category.tpl on line 34
2017-10-24 10:22:55 - PHP Notice:  Undefined variable: images in C:\xampp\htdocs\opencart\buildplus\catalog\view\theme\default\template\product\category.tpl on line 34
2017-10-24 10:31:43 - PHP Notice:  Undefined variable: tab_description in C:\xampp\htdocs\opencart\buildplus\catalog\view\theme\default\template\product\category.tpl on line 34
2017-10-24 10:31:43 - PHP Notice:  Undefined variable: attribute_groups in C:\xampp\htdocs\opencart\buildplus\catalog\view\theme\default\template\product\category.tpl on line 35
2017-10-24 10:31:43 - PHP Notice:  Undefined variable: review_status in C:\xampp\htdocs\opencart\buildplus\catalog\view\theme\default\template\product\category.tpl on line 38
2017-10-24 10:31:43 - PHP Notice:  Undefined variable: attribute_groups in C:\xampp\htdocs\opencart\buildplus\catalog\view\theme\default\template\product\category.tpl on line 44
2017-10-24 10:31:43 - PHP Notice:  Undefined variable: review_status in C:\xampp\htdocs\opencart\buildplus\catalog\view\theme\default\template\product\category.tpl on line 65
2017-10-24 15:28:53 - PHP Notice:  Undefined index: attribute_group_id in C:\xampp\htdocs\opencart\buildplus\admin\model\catalog\attribute.php on line 6
2017-10-24 15:45:38 - PHP Notice:  Undefined variable: text_location in C:\xampp\htdocs\opencart\buildplus\catalog\view\theme\default\template\product\product.tpl on line 48
2017-10-24 15:49:39 - PHP Notice:  Undefined variable: text_location in C:\xampp\htdocs\opencart\buildplus\catalog\view\theme\default\template\product\product.tpl on line 48
2017-10-24 15:49:52 - PHP Notice:  Undefined variable: location in C:\xampp\htdocs\opencart\buildplus\catalog\view\theme\default\template\product\product.tpl on line 48
2017-10-24 16:54:58 - PHP Notice:  Undefined variable: option in C:\xampp\htdocs\opencart\buildplus\catalog\view\theme\default\template\product\product.tpl on line 73
2017-10-24 18:09:28 - PHP Notice:  Use of undefined constant specification - assumed 'specification' in C:\xampp\htdocs\opencart\buildplus\catalog\view\theme\default\template\product\product.tpl on line 135
2017-10-24 18:09:28 - PHP Notice:  Undefined variable: tab in C:\xampp\htdocs\opencart\buildplus\catalog\view\theme\default\template\product\product.tpl on line 135
2017-10-25 14:01:55 - PHP Notice:  Undefined variable: attribute in C:\xampp\htdocs\opencart\buildplus\catalog\view\theme\default\template\product\product.tpl on line 66
2017-10-25 14:23:16 - PHP Warning:  Invalid argument supplied for foreach() in C:\xampp\htdocs\opencart\buildplus\admin\model\catalog\gallimage.php on line 19
2017-10-25 14:46:35 - PHP Notice:  Undefined variable: gallalbums in C:\xampp\htdocs\opencart\buildplus\catalog\view\theme\default\template\product\product.tpl on line 323
2017-10-26 9:12:50 - PHP Notice:  Use of undefined constant product_tiles_link - assumed 'product_tiles_link' in C:\xampp\htdocs\opencart\buildplus\vqmod\vqcache\vq2-catalog_view_theme_default_template_common_header.tpl on line 239
2017-10-26 9:12:56 - PHP Notice:  Use of undefined constant product_tiles_link - assumed 'product_tiles_link' in C:\xampp\htdocs\opencart\buildplus\vqmod\vqcache\vq2-catalog_view_theme_default_template_common_header.tpl on line 239
2017-10-26 9:13:09 - PHP Notice:  Use of undefined constant product_tiles_link - assumed 'product_tiles_link' in C:\xampp\htdocs\opencart\buildplus\vqmod\vqcache\vq2-catalog_view_theme_default_template_common_header.tpl on line 239
2017-10-26 9:35:28 - PHP Notice:  Undefined variable: product_tiles_title in C:\xampp\htdocs\opencart\buildplus\vqmod\vqcache\vq2-catalog_view_theme_default_template_common_header.tpl on line 238
2017-10-26 9:35:28 - PHP Notice:  Use of undefined constant product_tiles_link - assumed 'product_tiles_link' in C:\xampp\htdocs\opencart\buildplus\vqmod\vqcache\vq2-catalog_view_theme_default_template_common_header.tpl on line 239
2017-10-26 9:35:28 - PHP Notice:  Undefined variable: product_tiles_title in C:\xampp\htdocs\opencart\buildplus\vqmod\vqcache\vq2-catalog_view_theme_default_template_common_header.tpl on line 239
2017-10-26 9:35:28 - PHP Notice:  Use of undefined constant product_marble_link - assumed 'product_marble_link' in C:\xampp\htdocs\opencart\buildplus\vqmod\vqcache\vq2-catalog_view_theme_default_template_common_header.tpl on line 240
2017-10-26 9:35:28 - PHP Notice:  Use of undefined constant product_tactiles_link - assumed 'product_tactiles_link' in C:\xampp\htdocs\opencart\buildplus\vqmod\vqcache\vq2-catalog_view_theme_default_template_common_header.tpl on line 242
2017-10-26 9:35:28 - PHP Notice:  Undefined variable: product_tactiles_title in C:\xampp\htdocs\opencart\buildplus\vqmod\vqcache\vq2-catalog_view_theme_default_template_common_header.tpl on line 242
2017-10-26 9:38:46 - PHP Notice:  Undefined variable: product_tiles_title in C:\xampp\htdocs\opencart\buildplus\vqmod\vqcache\vq2-catalog_view_theme_default_template_common_header.tpl on line 238
2017-10-26 9:38:46 - PHP Notice:  Use of undefined constant product_tiles_link - assumed 'product_tiles_link' in C:\xampp\htdocs\opencart\buildplus\vqmod\vqcache\vq2-catalog_view_theme_default_template_common_header.tpl on line 239
2017-10-26 9:38:46 - PHP Notice:  Undefined variable: product_tiles_title in C:\xampp\htdocs\opencart\buildplus\vqmod\vqcache\vq2-catalog_view_theme_default_template_common_header.tpl on line 239
2017-10-26 9:38:46 - PHP Notice:  Use of undefined constant product_marble_link - assumed 'product_marble_link' in C:\xampp\htdocs\opencart\buildplus\vqmod\vqcache\vq2-catalog_view_theme_default_template_common_header.tpl on line 240
2017-10-26 9:38:46 - PHP Notice:  Use of undefined constant product_tactiles_link - assumed 'product_tactiles_link' in C:\xampp\htdocs\opencart\buildplus\vqmod\vqcache\vq2-catalog_view_theme_default_template_common_header.tpl on line 242
2017-10-26 9:38:46 - PHP Notice:  Undefined variable: product_tactiles_title in C:\xampp\htdocs\opencart\buildplus\vqmod\vqcache\vq2-catalog_view_theme_default_template_common_header.tpl on line 242
2017-10-26 9:40:05 - PHP Notice:  Use of undefined constant product_tiles_link - assumed 'product_tiles_link' in C:\xampp\htdocs\opencart\buildplus\vqmod\vqcache\vq2-catalog_view_theme_default_template_common_header.tpl on line 239
2017-10-26 9:40:05 - PHP Notice:  Use of undefined constant product_marble_link - assumed 'product_marble_link' in C:\xampp\htdocs\opencart\buildplus\vqmod\vqcache\vq2-catalog_view_theme_default_template_common_header.tpl on line 240
2017-10-26 9:40:05 - PHP Notice:  Use of undefined constant product_tactiles_link - assumed 'product_tactiles_link' in C:\xampp\htdocs\opencart\buildplus\vqmod\vqcache\vq2-catalog_view_theme_default_template_common_header.tpl on line 242
2017-10-26 9:41:07 - PHP Notice:  Use of undefined constant product_tiles_link - assumed 'product_tiles_link' in C:\xampp\htdocs\opencart\buildplus\vqmod\vqcache\vq2-catalog_view_theme_default_template_common_header.tpl on line 239
2017-10-26 9:41:07 - PHP Notice:  Use of undefined constant product_marble_link - assumed 'product_marble_link' in C:\xampp\htdocs\opencart\buildplus\vqmod\vqcache\vq2-catalog_view_theme_default_template_common_header.tpl on line 240
2017-10-26 9:41:07 - PHP Notice:  Use of undefined constant product_tactiles_link - assumed 'product_tactiles_link' in C:\xampp\htdocs\opencart\buildplus\vqmod\vqcache\vq2-catalog_view_theme_default_template_common_header.tpl on line 242
2017-10-26 9:41:17 - PHP Notice:  Use of undefined constant product_tiles_link - assumed 'product_tiles_link' in C:\xampp\htdocs\opencart\buildplus\vqmod\vqcache\vq2-catalog_view_theme_default_template_common_header.tpl on line 239
2017-10-26 9:41:17 - PHP Notice:  Use of undefined constant product_marble_link - assumed 'product_marble_link' in C:\xampp\htdocs\opencart\buildplus\vqmod\vqcache\vq2-catalog_view_theme_default_template_common_header.tpl on line 240
2017-10-26 9:41:17 - PHP Notice:  Use of undefined constant product_tactiles_link - assumed 'product_tactiles_link' in C:\xampp\htdocs\opencart\buildplus\vqmod\vqcache\vq2-catalog_view_theme_default_template_common_header.tpl on line 242
2017-10-26 9:42:19 - PHP Notice:  Use of undefined constant product_tiles_link - assumed 'product_tiles_link' in C:\xampp\htdocs\opencart\buildplus\vqmod\vqcache\vq2-catalog_view_theme_default_template_common_header.tpl on line 239
2017-10-26 9:42:19 - PHP Notice:  Use of undefined constant product_marble_link - assumed 'product_marble_link' in C:\xampp\htdocs\opencart\buildplus\vqmod\vqcache\vq2-catalog_view_theme_default_template_common_header.tpl on line 240
2017-10-26 9:42:19 - PHP Notice:  Use of undefined constant product_tactiles_link - assumed 'product_tactiles_link' in C:\xampp\htdocs\opencart\buildplus\vqmod\vqcache\vq2-catalog_view_theme_default_template_common_header.tpl on line 242
2017-10-26 9:42:25 - PHP Notice:  Use of undefined constant product_tiles_link - assumed 'product_tiles_link' in C:\xampp\htdocs\opencart\buildplus\vqmod\vqcache\vq2-catalog_view_theme_default_template_common_header.tpl on line 239
2017-10-26 9:42:25 - PHP Notice:  Use of undefined constant product_marble_link - assumed 'product_marble_link' in C:\xampp\htdocs\opencart\buildplus\vqmod\vqcache\vq2-catalog_view_theme_default_template_common_header.tpl on line 240
2017-10-26 9:42:25 - PHP Notice:  Use of undefined constant product_tactiles_link - assumed 'product_tactiles_link' in C:\xampp\htdocs\opencart\buildplus\vqmod\vqcache\vq2-catalog_view_theme_default_template_common_header.tpl on line 242
2017-10-26 9:45:14 - PHP Notice:  Use of undefined constant product_tiles_link - assumed 'product_tiles_link' in C:\xampp\htdocs\opencart\buildplus\vqmod\vqcache\vq2-catalog_view_theme_default_template_common_header.tpl on line 239
2017-10-26 9:45:14 - PHP Notice:  Use of undefined constant product_marble_link - assumed 'product_marble_link' in C:\xampp\htdocs\opencart\buildplus\vqmod\vqcache\vq2-catalog_view_theme_default_template_common_header.tpl on line 240
2017-10-26 9:45:14 - PHP Notice:  Undefined variable: product_marble_title in C:\xampp\htdocs\opencart\buildplus\vqmod\vqcache\vq2-catalog_view_theme_default_template_common_header.tpl on line 240
2017-10-26 9:45:14 - PHP Notice:  Use of undefined constant product_tactiles_link - assumed 'product_tactiles_link' in C:\xampp\htdocs\opencart\buildplus\vqmod\vqcache\vq2-catalog_view_theme_default_template_common_header.tpl on line 242
2017-10-26 9:45:14 - PHP Notice:  Undefined variable: product_tactiles_title in C:\xampp\htdocs\opencart\buildplus\vqmod\vqcache\vq2-catalog_view_theme_default_template_common_header.tpl on line 242
2017-10-26 9:45:16 - PHP Notice:  Use of undefined constant product_tiles_link - assumed 'product_tiles_link' in C:\xampp\htdocs\opencart\buildplus\vqmod\vqcache\vq2-catalog_view_theme_default_template_common_header.tpl on line 239
2017-10-26 9:45:16 - PHP Notice:  Use of undefined constant product_marble_link - assumed 'product_marble_link' in C:\xampp\htdocs\opencart\buildplus\vqmod\vqcache\vq2-catalog_view_theme_default_template_common_header.tpl on line 240
2017-10-26 9:45:16 - PHP Notice:  Undefined variable: product_marble_title in C:\xampp\htdocs\opencart\buildplus\vqmod\vqcache\vq2-catalog_view_theme_default_template_common_header.tpl on line 240
2017-10-26 9:45:16 - PHP Notice:  Use of undefined constant product_tactiles_link - assumed 'product_tactiles_link' in C:\xampp\htdocs\opencart\buildplus\vqmod\vqcache\vq2-catalog_view_theme_default_template_common_header.tpl on line 242
2017-10-26 9:45:16 - PHP Notice:  Undefined variable: product_tactiles_title in C:\xampp\htdocs\opencart\buildplus\vqmod\vqcache\vq2-catalog_view_theme_default_template_common_header.tpl on line 242
2017-10-26 9:45:37 - PHP Notice:  Use of undefined constant product_tiles_link - assumed 'product_tiles_link' in C:\xampp\htdocs\opencart\buildplus\vqmod\vqcache\vq2-catalog_view_theme_default_template_common_header.tpl on line 239
2017-10-26 9:45:37 - PHP Notice:  Use of undefined constant product_marble_link - assumed 'product_marble_link' in C:\xampp\htdocs\opencart\buildplus\vqmod\vqcache\vq2-catalog_view_theme_default_template_common_header.tpl on line 240
2017-10-26 9:45:37 - PHP Notice:  Use of undefined constant product_tactiles_link - assumed 'product_tactiles_link' in C:\xampp\htdocs\opencart\buildplus\vqmod\vqcache\vq2-catalog_view_theme_default_template_common_header.tpl on line 242
2017-10-26 9:45:39 - PHP Notice:  Use of undefined constant product_tiles_link - assumed 'product_tiles_link' in C:\xampp\htdocs\opencart\buildplus\vqmod\vqcache\vq2-catalog_view_theme_default_template_common_header.tpl on line 239
2017-10-26 9:45:39 - PHP Notice:  Use of undefined constant product_marble_link - assumed 'product_marble_link' in C:\xampp\htdocs\opencart\buildplus\vqmod\vqcache\vq2-catalog_view_theme_default_template_common_header.tpl on line 240
2017-10-26 9:45:39 - PHP Notice:  Use of undefined constant product_tactiles_link - assumed 'product_tactiles_link' in C:\xampp\htdocs\opencart\buildplus\vqmod\vqcache\vq2-catalog_view_theme_default_template_common_header.tpl on line 242
2017-10-26 9:45:42 - PHP Notice:  Use of undefined constant product_tiles_link - assumed 'product_tiles_link' in C:\xampp\htdocs\opencart\buildplus\vqmod\vqcache\vq2-catalog_view_theme_default_template_common_header.tpl on line 239
2017-10-26 9:45:42 - PHP Notice:  Use of undefined constant product_marble_link - assumed 'product_marble_link' in C:\xampp\htdocs\opencart\buildplus\vqmod\vqcache\vq2-catalog_view_theme_default_template_common_header.tpl on line 240
2017-10-26 9:45:42 - PHP Notice:  Use of undefined constant product_tactiles_link - assumed 'product_tactiles_link' in C:\xampp\htdocs\opencart\buildplus\vqmod\vqcache\vq2-catalog_view_theme_default_template_common_header.tpl on line 242
2017-10-26 9:45:43 - PHP Notice:  Use of undefined constant product_tiles_link - assumed 'product_tiles_link' in C:\xampp\htdocs\opencart\buildplus\vqmod\vqcache\vq2-catalog_view_theme_default_template_common_header.tpl on line 239
2017-10-26 9:45:43 - PHP Notice:  Use of undefined constant product_marble_link - assumed 'product_marble_link' in C:\xampp\htdocs\opencart\buildplus\vqmod\vqcache\vq2-catalog_view_theme_default_template_common_header.tpl on line 240
2017-10-26 9:45:43 - PHP Notice:  Use of undefined constant product_tactiles_link - assumed 'product_tactiles_link' in C:\xampp\htdocs\opencart\buildplus\vqmod\vqcache\vq2-catalog_view_theme_default_template_common_header.tpl on line 242
2017-10-26 9:45:52 - PHP Notice:  Use of undefined constant product_tiles_link - assumed 'product_tiles_link' in C:\xampp\htdocs\opencart\buildplus\vqmod\vqcache\vq2-catalog_view_theme_default_template_common_header.tpl on line 239
2017-10-26 9:45:52 - PHP Notice:  Use of undefined constant product_marble_link - assumed 'product_marble_link' in C:\xampp\htdocs\opencart\buildplus\vqmod\vqcache\vq2-catalog_view_theme_default_template_common_header.tpl on line 240
2017-10-26 9:45:52 - PHP Notice:  Use of undefined constant product_tactiles_link - assumed 'product_tactiles_link' in C:\xampp\htdocs\opencart\buildplus\vqmod\vqcache\vq2-catalog_view_theme_default_template_common_header.tpl on line 242
2017-10-26 9:46:12 - PHP Notice:  Use of undefined constant product_tiles_link - assumed 'product_tiles_link' in C:\xampp\htdocs\opencart\buildplus\vqmod\vqcache\vq2-catalog_view_theme_default_template_common_header.tpl on line 239
2017-10-26 9:46:12 - PHP Notice:  Use of undefined constant product_marble_link - assumed 'product_marble_link' in C:\xampp\htdocs\opencart\buildplus\vqmod\vqcache\vq2-catalog_view_theme_default_template_common_header.tpl on line 240
2017-10-26 9:46:12 - PHP Notice:  Use of undefined constant product_tactiles_link - assumed 'product_tactiles_link' in C:\xampp\htdocs\opencart\buildplus\vqmod\vqcache\vq2-catalog_view_theme_default_template_common_header.tpl on line 242
2017-10-26 9:46:15 - PHP Notice:  Use of undefined constant product_tiles_link - assumed 'product_tiles_link' in C:\xampp\htdocs\opencart\buildplus\vqmod\vqcache\vq2-catalog_view_theme_default_template_common_header.tpl on line 239
2017-10-26 9:46:15 - PHP Notice:  Use of undefined constant product_marble_link - assumed 'product_marble_link' in C:\xampp\htdocs\opencart\buildplus\vqmod\vqcache\vq2-catalog_view_theme_default_template_common_header.tpl on line 240
2017-10-26 9:46:15 - PHP Notice:  Use of undefined constant product_tactiles_link - assumed 'product_tactiles_link' in C:\xampp\htdocs\opencart\buildplus\vqmod\vqcache\vq2-catalog_view_theme_default_template_common_header.tpl on line 242
2017-10-26 9:55:36 - PHP Notice:  Undefined variable: class in C:\xampp\htdocs\opencart\buildplus\catalog\view\theme\default\template\product\product.tpl on line 965
2017-10-26 14:17:55 - PHP Notice:  Undefined variable: special_link_title in C:\xampp\htdocs\opencart\buildplus\vqmod\vqcache\vq2-catalog_view_theme_default_template_common_header.tpl on line 253
2017-10-26 14:17:57 - PHP Notice:  Undefined variable: special_link_title in C:\xampp\htdocs\opencart\buildplus\vqmod\vqcache\vq2-catalog_view_theme_default_template_common_header.tpl on line 253
2017-10-26 14:27:39 - PHP Notice:  Undefined variable: special_deals_title in C:\xampp\htdocs\opencart\buildplus\catalog\view\theme\default\template\product\category.tpl on line 15
2017-10-26 14:28:34 - PHP Notice:  Undefined variable: special_deals_title in C:\xampp\htdocs\opencart\buildplus\catalog\view\theme\default\template\product\category.tpl on line 9
2017-10-27 9:34:31 - PHP Notice:  Undefined variable: error_name in C:\xampp\htdocs\opencart\buildplus\vqmod\vqcache\vq2-catalog_view_theme_default_template_common_header.tpl on line 76
2017-10-27 9:34:31 - PHP Notice:  Undefined variable: error_email in C:\xampp\htdocs\opencart\buildplus\vqmod\vqcache\vq2-catalog_view_theme_default_template_common_header.tpl on line 82
2017-10-27 9:34:31 - PHP Notice:  Undefined variable: error_contact in C:\xampp\htdocs\opencart\buildplus\vqmod\vqcache\vq2-catalog_view_theme_default_template_common_header.tpl on line 90
2017-10-27 9:34:31 - PHP Notice:  Undefined variable: error_enquiry in C:\xampp\htdocs\opencart\buildplus\vqmod\vqcache\vq2-catalog_view_theme_default_template_common_header.tpl on line 101
2017-10-27 9:34:31 - PHP Notice:  Undefined variable: site_key in C:\xampp\htdocs\opencart\buildplus\vqmod\vqcache\vq2-catalog_view_theme_default_template_common_header.tpl on line 106
